<?xml version="1.0" encoding="UTF-8"?>
<!-- Generated by org.testng.reporters.JUnitXMLReporter -->
<testsuite hostname="Home" ignored="0" name="Default test" tests="3" failures="0" timestamp="03 Oct 2017 18:04:50 GMT" time="25.752" errors="0">
  <testcase name="searchItem" time="2.546" classname="TestCases.SignInAccountTest"/>
  <testcase name="validateHeaderText" time="0.087" classname="TestCases.SignInAccountTest"/>
  <testcase name="loginInvalidData" time="1.859" classname="TestCases.SignInAccountTest"/>
</testsuite> <!-- Default test -->
