<?xml version="1.0" encoding="UTF-8"?>
<!-- Generated by org.testng.reporters.JUnitXMLReporter -->
<testsuite hostname="Home" ignored="0" name="Test" tests="3" failures="0" timestamp="03 Oct 2017 19:26:09 GMT" time="25.016" errors="0">
  <testcase name="searchItem" time="3.827" classname="TestCases.SignInAccountTest"/>
  <testcase name="validateHeaderText" time="0.091" classname="TestCases.SignInAccountTest"/>
  <testcase name="loginInvalidData" time="1.761" classname="TestCases.SignInAccountTest"/>
</testsuite> <!-- Test -->
